9997795921462117 = 99988961 * 99988997
9997801320868027 = 99989003 * 99989009
9997805720384759 = 99989023 * 99989033
9997808920033927 = 99989041 * 99989047
9997811519749213 = 99989051 * 99989063
9997816519202723 = 99989081 * 99989083
9997819518875393 = 99989093 * 99989101
9997822518548519 = 99989107 * 99989117
9997833117397189 = 99989159 * 99989171
9997835717115683 = 99989177 * 99989179
9997844716143533 = 99989209 * 99989237
9997851315433511 = 99989251 * 99989261
9997858114703659 = 99989269 * 99989311
9997864514019659 = 99989317 * 99989327
9997867313720887 = 99989333 * 99989339
9997875912805541 = 99989369 * 99989389
9997888311492157 = 99989423 * 99989459
9997896910586231 = 99989479 * 99989489
9997899910270997 = 99989497 * 99989501
9997904709767333 = 99989509 * 99989537
9997909509265193 = 99989543 * 99989551
9997912508951819 = 99989557 * 99989567
9997914308764037 = 99989569 * 99989573
9997918108368019 = 99989581 * 99989599
9997926707474653 = 99989627 * 99989639
9997933506770789 = 99989657 * 99989677
9997939506151613 = 99989683 * 99989711
9997954304632297 = 99989759 * 99989783
9997961103938021 = 99989803 * 99989807
9997965303510227 = 99989819 * 99989833
9997975102515481 = 99989863 * 99989887
9997980102009919 = 99989891 * 99989909
9997994700540629 = 99989963 * 99989983
9998003099700029 = 99990001 * 99990029
9998009299082107 = 99990043 * 99990049
9998013698644399 = 99990053 * 99990083
9998020497970283 = 99990091 * 99990113
9998030097022379 = 99990139 * 99990161
9998042095843259 = 99990181 * 99990239
9998054494633903 = 99990263 * 99990281
9998058694225813 = 99990287 * 99990299
9998063693741003 = 99990307 * 99990329
9998072692871093 = 99990337 * 99990389
9998088091393159 = 99990419 * 99990461
9998095490687429 = 99990467 * 99990487
9998098490402063 = 99990491 * 99990493
9998104489832363 = 99990511 * 99990533
9998109889321397 = 99990547 * 99990551
9998114888849467 = 99990571 * 99990577
9998116888661047 = 99990581 * 99990587
9998123088077549 = 99990589 * 99990641
9998132687179313 = 99990647 * 99990679
9998143486173893 = 99990703 * 99990731
9998149685599423 = 99990739 * 99990757
9998167083995929 = 99990799 * 99990871
9998178082992091 = 99990887 * 99990893
9998184082446319 = 99990911 * 99990929
9998193881558957 = 99990967 * 99990971
9998198281161757 = 99990973 * 99991009
9998208280263617 = 99991033 * 99991049
9998214479709103 = 99991063 * 99991081
9998221279103227 = 99991103 * 99991109
9998244477053059 = 99991207 * 99991237
9998252076387479 = 99991249 * 99991271
9998255076125621 = 99991273 * 99991277
9998264675289929 = 99991303 * 99991343
9998274274459577 = 99991363 * 99991379
9998283473666989 = 99991387 * 99991447
9998298072420019 = 99991481 * 99991499
9998303671944323 = 99991517 * 99991519
9998312071233599 = 99991559 * 99991561
9998319270627047 = 99991583 * 99991609
9998334069388891 = 99991667 * 99991673
9998340868823327 = 99991687 * 99991721
9998348668177949 = 99991733 * 99991753
9998352667848133 = 99991757 * 99991769
9998360867174191 = 99991789 * 99991819
9998370866356787 = 99991831 * 99991877
9998378865707227 = 99991891 * 99991897
9998383465334633 = 99991901 * 99991933
9998388864899087 = 99991937 * 99991951
9998396864256247 = 99991981 * 99991987
9998402663791973 = 99991999 * 99992027
9998411063123009 = 99992051 * 99992059
9998418862504811 = 99992089 * 99992099
9998426061936779 = 99992119 * 99992141
9998431061543989 = 99992149 * 99992161
9998438260980157 = 99992173 * 99992209
9998443260590647 = 99992213 * 99992219
9998449060139989 = 99992239 * 99992251
9998461259197627 = 99992303 * 99992309
9998467458720893 = 99992311 * 99992363
9998478257896781 = 99992381 * 99992401
9998484257441177 = 99992413 * 99992429
9998488457123339 = 99992437 * 99992447
9998491056926989 = 99992449 * 99992461
9998493856715957 = 99992467 * 99992471
9998499256309847 = 99992483 * 99992509
9998506055800891 = 99992527 * 99992533
9998515655084563 = 99992539 * 99992617
9998535253640951 = 99992671 * 99992681
9998551852431937 = 99992747 * 99992771
9998555052200621 = 99992773 * 99992777
9998558851926427 = 99992791 * 99992797
9998561051768021 = 99992803 * 99992807
9998564451523603 = 99992813 * 99992831
9998571251036567 = 99992843 * 99992869
9998580050409991 = 99992897 * 99992903
9998582850211387 = 99992911 * 99992917
9998588049843599 = 99992939 * 99992941
9998594049420371 = 99992947 * 99992993
9998605448622053 = 99993001 * 99993053
9998616847830887 = 99993071 * 99993097
9998622847416971 = 99993109 * 99993119
9998632446758243 = 99993161 * 99993163
9998636246498617 = 99993169 * 99993193
9998641046171989 = 99993199 * 99993211
9998651645454539 = 99993253 * 99993263
9998656845104647 = 99993281 * 99993287
9998664644582293 = 99993317 * 99993329
9998667444395533 = 99993331 * 99993343
9998670844169291 = 99993349 * 99993359
9998682643388533 = 99993407 * 99993419
9998686043164891 = 99993427 * 99993433
9998691042836989 = 99993449 * 99993461
9998693242693147 = 99993463 * 99993469
9998700842197967 = 99993497 * 99993511
9998711041537241 = 99993527 * 99993583
9998721240883211 = 99993601 * 99993611
9998735040005609 = 99993671 * 99993679
9998751038999881 = 99993743 * 99993767
9998756838638647 = 99993781 * 99993787
9998762038315979 = 99993799 * 99993821
9998767437982553 = 99993833 * 99993841
9998778237319877 = 99993889 * 99993893
9998782837039387 = 99993911 * 99993917
9998787036784081 = 99993923 * 99993947
9998798836072027 = 99993991 * 99993997
9998803035820189 = 99994009 * 99994021
9998810435378623 = 99994043 * 99994061
9998815235093767 = 99994073 * 99994079
9998825234503867 = 99994123 * 99994129
9998833434023789 = 99994157 * 99994177
9998838433732783 = 99994183 * 99994201
9998844033408319 = 99994211 * 99994229
9998848433154443 = 99994231 * 99994253
9998854032832891 = 99994267 * 99994273
9998858632569593 = 99994277 * 99994309
9998864632228313 = 99994319 * 99994327
9998873431730653 = 99994361 * 99994373
9998885031078509 = 99994379 * 99994471
9998903430061993 = 99994481 * 99994553
9998913829495757 = 99994567 * 99994571
9998918629235453 = 99994579 * 99994607
9998925428869093 = 99994621 * 99994633
9998930628590153 = 99994637 * 99994669
9998935228344967 = 99994673 * 99994679
9998939428121773 = 99994691 * 99994703
9998943427910053 = 99994711 * 99994723
9998951027510009 = 99994751 * 99994759
9998957227185571 = 99994771 * 99994801
9998966826687331 = 99994819 * 99994849
9998973826327097 = 99994861 * 99994877
9998979026060881 = 99994883 * 99994907
9998988225592997 = 99994919 * 99994963
9999005024750429 = 99995011 * 99995039
9999010024502419 = 99995041 * 99995059
9999019824019657 = 99995087 * 99995111
9999028423599323 = 99995113 * 99995171
9999037423164869 = 99995177 * 99995197
9999042222934517 = 99995209 * 99995213
9999047622676523 = 99995227 * 99995249
9999051822477077 = 99995257 * 99995261
9999054622344493 = 99995267 * 99995279
9999057822193457 = 99995281 * 99995297
9999062021996051 = 99995303 * 99995317
9999082421049719 = 99995407 * 99995417
9999096020429671 = 99995453 * 99995507
9999107619909323 = 99995527 * 99995549
9999111419740213 = 99995551 * 99995563
9999114219616037 = 99995569 * 99995573
9999119419386373 = 99995591 * 99995603
9999127019053189 = 99995629 * 99995641
9999131018878961 = 99995647 * 99995663
9999134018748899 = 99995669 * 99995671
9999138018576019 = 99995681 * 99995699
9999143418344053 = 99995711 * 99995723
9999151418002949 = 99995747 * 99995767
9999155417833693 = 99995771 * 99995783
9999162017556091 = 99995807 * 99995813
9999169017263989 = 99995839 * 99995851
9999176016974279 = 99995869 * 99995891
9999179216842807 = 99995893 * 99995899
9999185616581159 = 99995923 * 99995933
9999189616418623 = 99995939 * 99995957
9999198216072017 = 99995983 * 99995999
9999207015720649 = 99996011 * 99996059
9999215615382083 = 99996077 * 99996079
9999221815139737 = 99996097 * 99996121
9999226414961423 = 99996131 * 99996133
9999229014860989 = 99996139 * 99996151
9999236014592399 = 99996179 * 99996181
9999242014363739 = 99996191 * 99996229
9999249214092491 = 99996241 * 99996251
9999252813957647 = 99996257 * 99996271
9999258013764091 = 99996287 * 99996293
9999266013468731 = 99996317 * 99996343
9999274213169317 = 99996353 * 99996389
9999282812859371 = 99996409 * 99996419
9999298212312757 = 99996473 * 99996509
9999302812152187 = 99996511 * 99996517
9999307211999071 = 99996521 * 99996551
9999316011696391 = 99996577 * 99996583
9999326611336493 = 99996619 * 99996647
9999332011155551 = 99996653 * 99996667
9999335011055609 = 99996671 * 99996679
9999338810929627 = 99996691 * 99996697
9999346810666531 = 99996719 * 99996749
9999354810407051 = 99996769 * 99996779
9999360010239991 = 99996797 * 99996803
9999365410067893 = 99996821 * 99996833
9999376209727837 = 99996863 * 99996899
9999387809369657 = 99996931 * 99996947
9999395409138493 = 99996971 * 99996983
9999409608714079 = 99997033 * 99997063
9999413608596623 = 99997067 * 99997069
9999420808386287 = 99997081 * 99997127
9999428008179479 = 99997129 * 99997151
9999434607991733 = 99997159 * 99997187
9999443207749927 = 99997189 * 99997243
9999462407223319 = 99997267 * 99997357
9999473606927423 = 99997367 * 99997369
9999480406749523 = 99997393 * 99997411
9999486806584307 = 99997427 * 99997441
9999495206370287 = 99997459 * 99997493
9999503406165253 = 99997511 * 99997523
9999507406066333 = 99997531 * 99997543
9999518005807739 = 99997571 * 99997609
9999526805597731 = 99997619 * 99997649
9999534805410251 = 99997669 * 99997679
9999537805340717 = 99997687 * 99997691
9999552804999671 = 99997759 * 99997769
9999557204901787 = 99997783 * 99997789
9999567804669917 = 99997837 * 99997841
9999573804541157 = 99997867 * 99997871
9999575204511367 = 99997873 * 99997879
9999579804414197 = 99997897 * 99997901
9999582004368091 = 99997907 * 99997913
9999590604190193 = 99997949 * 99997957
9999595404092513 = 99997973 * 99997981
9999607203857071 = 99998021 * 99998051
9999617003667029 = 99998071 * 99998099
9999625803500317 = 99998111 * 99998147
9999639803243537 = 99998191 * 99998207
9999648203093981 = 99998231 * 99998251
9999654802978787 = 99998257 * 99998291
9999662202852577 = 99998299 * 99998323
9999672002689591 = 99998357 * 99998363
9999679002575701 = 99998377 * 99998413
9999684602486893 = 99998417 * 99998429
9999688802421127 = 99998441 * 99998447
9999692202368377 = 99998449 * 99998473
9999698802268027 = 99998491 * 99998497
9999705602166559 = 99998513 * 99998543
9999710802090907 = 99998551 * 99998557
9999721201943227 = 99998603 * 99998609
9999727401857093 = 99998611 * 99998663
9999753201522467 = 99998749 * 99998783
9999761601420743 = 99998797 * 99998819
9999772001299519 = 99998851 * 99998869
9999780001209919 = 99998891 * 99998909
9999786201142757 = 99998929 * 99998933
9999792401077363 = 99998953 * 99998971
9999804200957957 = 99998999 * 99999043
9999815000855621 = 99999073 * 99999077
9999816800839031 = 99999079 * 99999089
9999821600795639 = 99999103 * 99999113
9999828800732567 = 99999131 * 99999157
9999835400677229 = 99999167 * 99999187
9999846400589599 = 99999217 * 99999247
9999851600550563 = 99999257 * 99999259
9999863000469161 = 99999307 * 99999323
9999867200440847 = 99999329 * 99999343
9999872600405669 = 99999353 * 99999373
9999883800337237 = 99999401 * 99999437
9999892000291159 = 99999439 * 99999481
9999902600237153 = 99999509 * 99999517
9999908000211599 = 99999539 * 99999541
9999909800203397 = 99999547 * 99999551
9999915000180481 = 99999563 * 99999587
9999920000159879 = 99999589 * 99999611
9999924000144391 = 99999617 * 99999623
9999932000115311 = 99999643 * 99999677
9999942400082863 = 99999703 * 99999721
9999956000048351 = 99999773 * 99999787
9999964800030967 = 99999821 * 99999827
9999968600024633 = 99999839 * 99999847
9999987200004071 = 99999931 * 99999941
9999993000001189 = 99999959 * 99999971
9997769600245223 = 99977707 * 99999989
9995544096487403 = 99977707 * 99977729
9995552494617479 = 99977749 * 99977771
9995562892307119 = 99977797 * 99977827
9995568691021181 = 99977831 * 99977851
9995572890091043 = 99977861 * 99977863
9995577089161589 = 99977873 * 99977893
9995583687703007 = 99977909 * 99977923
9995599484219989 = 99977989 * 99978001
9995604483120391 = 99978017 * 99978023
9995607482461189 = 99978029 * 99978041
9995614081012543 = 99978059 * 99978077
9995619079916633 = 99978089 * 99978097
9995622679128221 = 99978101 * 99978121
9995635276374107 = 99978161 * 99978187
9995641475021989 = 99978199 * 99978211
9995648273540977 = 99978227 * 99978251
9995662870368983 = 99978293 * 99978331
9995673668029667 = 99978349 * 99978383
9995683065998533 = 99978407 * 99978419
9995691664143767 = 99978443 * 99978469
9995700062336003 = 99978497 * 99978499
9995705461175561 = 99978517 * 99978533
9995714659201897 = 99978559 * 99978583
9995721657703211 = 99978601 * 99978611
9995730055907879 = 99978643 * 99978653
9995736254584897 = 99978667 * 99978691
9995746252455437 = 99978727 * 99978731
9995747452200221 = 99978733 * 99978737
9995754050797199 = 99978743 * 99978793
9995761249270367 = 99978797 * 99978811
9995770447322419 = 99978841 * 99978859
9995778645589817 = 99978883 * 99978899
9995786643902617 = 99978919 * 99978943
9995793442471189 = 99978959 * 99978971
9995799841125433 = 99978973 * 99979021
9995807439531209 = 99979031 * 99979039
9995811438692881 = 99979043 * 99979067
9995816437646399 = 99979079 * 99979081
9995824635932497 = 99979109 * 99979133
9995834233930417 = 99979157 * 99979181
9995844631766837 = 99979219 * 99979223
9995855629483447 = 99979249 * 99979303
9995867427042221 = 99979333 * 99979337
9995874225638017 = 99979357 * 99979381
9995884423536391 = 99979417 * 99979423
9995896820988203 = 99979471 * 99979493
9995904219471217 = 99979507 * 99979531
9995909818325173 = 99979541 * 99979553
9995919816282373 = 99979591 * 99979603
9995924415344279 = 99979609 * 99979631
9995929214366687 = 99979637 * 99979651
9995933413512161 = 99979657 * 99979673
9995944411277959 = 99979699 * 99979741
9995950809981503 = 99979751 * 99979753
9995956808767499 = 99979777 * 99979787
9995963607393847 = 99979813 * 99979819
9995977804532513 = 99979871 * 99979903
9995986402804891 = 99979927 * 99979933
9995992801521443 = 99979961 * 99979963
9995995201040627 = 99979967 * 99979981
9996000000079979 = 99979993 * 99980003
9996011397802961 = 99980047 * 99980063
9996021395810701 = 99980087 * 99980123
9996031193863427 = 99980137 * 99980171
9996036592792697 = 99980173 * 99980189
9996051389863729 = 99980219 * 99980291
9996061787814233 = 99980303 * 99980311
9996064387302391 = 99980317 * 99980323
9996067986594163 = 99980329 * 99980347
9996071185965307 = 99980351 * 99980357
9996083383571969 = 99980399 * 99980431
9996088382593591 = 99980437 * 99980443
9996098180678977 = 99980477 * 99980501
9996105579236507 = 99980513 * 99980539
9996125375389841 = 99980597 * 99980653
9996133973726143 = 99980659 * 99980677
9996137173107847 = 99980681 * 99980687
9996146971216613 = 99980707 * 99980759
9996160568601457 = 99980789 * 99980813
9996174765878863 = 99980833 * 99980911
9996193762254893 = 99980953 * 99980981
9996209159329927 = 99981041 * 99981047
9996214758269183 = 99981071 * 99981073
9996234554531177 = 99981163 * 99981179
9996240553402001 = 99981181 * 99981221
9996245952387983 = 99981227 * 99981229
9996257150287567 = 99981251 * 99981317
9996272747374819 = 99981347 * 99981377
9996281345773769 = 99981389 * 99981421
9996292143768617 = 99981451 * 99981467
9996300342249919 = 99981491 * 99981509
9996304141547357 = 99981517 * 99981521
9996307340956081 = 99981523 * 99981547
9996316739222603 = 99981571 * 99981593
9996320338559999 = 99981599 * 99981601
9996323537971447 = 99981613 * 99981619
9996328337089519 = 99981631 * 99981649
9996335335805141 = 99981653 * 99981697
9996346133828657 = 99981701 * 99981757
9996358331604091 = 99981787 * 99981793
9996362930766869 = 99981803 * 99981823
9996368529749137 = 99981829 * 99981853
9996375328515481 = 99981863 * 99981887
9996380927501393 = 99981899 * 99981907
9996384326886319 = 99981911 * 99981929
9996389725910773 = 99981941 * 99981953
9996393125297287 = 99981961 * 99981967
9996397324540189 = 99981979 * 99981991
9996402323640091 = 99982007 * 99982013
9996410922094409 = 99982033 * 99982073
9996417920839663 = 99982079 * 99982097
9996424519658497 = 99982109 * 99982133
9996441316661881 = 99982193 * 99982217
9996447315595189 = 99982229 * 99982241
9996449315240021 = 99982243 * 99982247
9996451314884989 = 99982249 * 99982261
9996460313289991 = 99982297 * 99982303
9996464912476073 = 99982307 * 99982339
9996473910887423 = 99982367 * 99982369
9996481109619047 = 99982391 * 99982417
9996487908423763 = 99982429 * 99982447
9996493907370799 = 99982453 * 99982483
9996500906144993 = 99982499 * 99982507
9996506305200851 = 99982523 * 99982537
9996517703212373 = 99982573 * 99982601
9996525501855587 = 99982609 * 99982643
9996537499774307 = 99982669 * 99982703
9996542898840353 = 99982709 * 99982717
9996550297562419 = 99982741 * 99982759
9996561495633611 = 99982801 * 99982811
9996571093985291 = 99982849 * 99982859
9996576892991653 = 99982877 * 99982889
9996580692341603 = 99982901 * 99982903
9996588291043591 = 99982937 * 99982943
9996591090566107 = 99982951 * 99982957
9996607687742969 = 99983017 * 99983057
9996616286286391 = 99983077 * 99983083
9996623485069447 = 99983113 * 99983119
9996627284428189 = 99983129 * 99983141
9996636482878757 = 99983179 * 99983183
9996638882475233 = 99983189 * 99983197
9996641082105607 = 99983201 * 99983207
9996646681165799 = 99983227 * 99983237
9996655479691087 = 99983243 * 99983309
9996664078255697 = 99983311 * 99983327
9996668877455549 = 99983333 * 99983353
9996674076590017 = 99983357 * 99983381
9996683475029047 = 99983413 * 99983419
9996685674664313 = 99983423 * 99983431
9996688074266717 = 99983437 * 99983441
9996691073770091 = 99983449 * 99983459
9996697472712187 = 99983483 * 99983489
9996713870010599 = 99983563 * 99983573
9996720468926801 = 99983581 * 99983621
9996726267976891 = 99983627 * 99983633
9996735466472927 = 99983669 * 99983683
9996747264549901 = 99983717 * 99983753
9996752263737599 = 99983759 * 99983761
9996763661889089 = 99983797 * 99983837
9996773060370487 = 99983861 * 99983867
9996788857827053 = 99983929 * 99983957
9996794256960899 = 99983969 * 99983971
9996807454849247 = 99984029 * 99984043
9996819053000827 = 99984091 * 99984097
9996821452619227 = 99984103 * 99984109
9996824252174399 = 99984119 * 99984121
9996826251856891 = 99984127 * 99984133
9996832050937181 = 99984149 * 99984169
9996840049671457 = 99984187 * 99984211
9996846248692819 = 99984221 * 99984239
9996852647684563 = 99984253 * 99984271
9996859846552363 = 99984277 * 99984319
9996866845454873 = 99984329 * 99984337
9996869245079021 = 99984343 * 99984347
9996875644078093 = 99984371 * 99984383
9996883642829873 = 99984413 * 99984421
9996889041989111 = 99984439 * 99984449
9996892041522677 = 99984457 * 99984461
9996898040591117 = 99984487 * 99984491
9996907239166189 = 99984529 * 99984541
9996914837992133 = 99984559 * 99984587
9996921037036807 = 99984601 * 99984607
9996924236544391 = 99984617 * 99984623
9996931035499091 = 99984629 * 99984679
9996943233630901 = 99984697 * 99984733
9996949632653993 = 99984743 * 99984751
9996957631434469 = 99984757 * 99984817
9996967829886019 = 99984823 * 99984853
9996976228614391 = 99984877 * 99984883
9996981427828667 = 99984893 * 99984919
9996987226954081 = 99984923 * 99984947
9996996025630297 = 99984967 * 99984991
9997003224550189 = 99985009 * 99985021
9997015022785187 = 99985057 * 99985091
9997024221413959 = 99985099 * 99985141
9997030220522491 = 99985147 * 99985153
9997031820284963 = 99985157 * 99985159
9997043818507523 = 99985217 * 99985219
9997051017444347 = 99985241 * 99985267
9997054616913983 = 99985271 * 99985273
9997062015825337 = 99985297 * 99985321
9997067814974243 = 99985337 * 99985339
9997075013919347 = 99985351 * 99985397
9997083412693007 = 99985409 * 99985423
9997087012168307 = 99985427 * 99985441
9997095410946407 = 99985463 * 99985489
9997109808860303 = 99985547 * 99985549
9997113408340307 = 99985559 * 99985573
9997118407619137 = 99985579 * 99985603
9997129006094687 = 99985637 * 99985651
9997132605578243 = 99985661 * 99985663
9997135605148313 = 99985673 * 99985681
9997140404461337 = 99985693 * 99985709
9997145203775621 = 99985723 * 99985727
9997157801980823 = 99985777 * 99985799
9997165600873673 = 99985811 * 99985843
9997173399769667 = 99985849 * 99985883
9997190197401971 = 99985927 * 99985973
9997199996027857 = 99985987 * 99986011
9997206395132897 = 99986023 * 99986039
9997211794379339 = 99986053 * 99986063
9997217193627161 = 99986077 * 99986093
9997223592737653 = 99986111 * 99986123
9997229591905573 = 99986141 * 99986153
9997248589282483 = 99986233 * 99986251
9997254388485437 = 99986269 * 99986273
9997260987579791 = 99986279 * 99986329
9997269986349797 = 99986347 * 99986351
9997277785285319 = 99986353 * 99986423
9997288183873519 = 99986431 * 99986449
9997295782844483 = 99986477 * 99986479
9997297382628187 = 99986483 * 99986489
9997302981872147 = 99986507 * 99986521
9997306781360053 = 99986527 * 99986539
9997320779479573 = 99986597 * 99986609
9997324179024319 = 99986611 * 99986629
9997327578569753 = 99986633 * 99986641
9997330578169079 = 99986647 * 99986657
9997336977315631 = 99986669 * 99986699
9997344176358391 = 99986717 * 99986723
9997351175429881 = 99986743 * 99986767
9997359374345591 = 99986791 * 99986801
9997367773238123 = 99986827 * 99986849
9997370972817307 = 99986851 * 99986857
9997377371976971 = 99986881 * 99986891
9997386170824891 = 99986927 * 99986933
9997391170171961 = 99986947 * 99986963
9997395969546341 = 99986969 * 99986989
9997400568947923 = 99986993 * 99987011
9997410567650479 = 99987037 * 99987067
9997419366513167 = 99987089 * 99987103
9997425165765589 = 99987119 * 99987131
9997429565199413 = 99987133 * 99987161
9997440963737567 = 99987197 * 99987211
9997447962842797 = 99987221 * 99987257
9997453362154747 = 99987263 * 99987269
9997455361900151 = 99987271 * 99987281
9997460161289999 = 99987299 * 99987301
9997465760579359 = 99987313 * 99987343
9997482358481477 = 99987373 * 99987449
9997492557201419 = 99987457 * 99987467
9997502755924913 = 99987497 * 99987529
9997511154877769 = 99987539 * 99987571
9997517554082533 = 99987581 * 99987593
9997523153388209 = 99987611 * 99987619
9997537551609953 = 99987683 * 99987691
9997542950945747 = 99987707 * 99987721
9997554349548377 = 99987763 * 99987779
9997556949230647 = 99987781 * 99987787
9997561748644783 = 99987799 * 99987817
9997574147136899 = 99987869 * 99987871
9997577146773221 = 99987883 * 99987887
9997580146409951 = 99987893 * 99987907
9997587745491403 = 99987917 * 99987959
9997593544793053 = 99987961 * 99987973
9997597544312153 = 99987983 * 99987991
9997600143999991 = 99987997 * 99988003
9997605743328703 = 99988019 * 99988037
9997614342301037 = 99988069 * 99988073
9997620341586197 = 99988099 * 99988103
9997625740944263 = 99988117 * 99988139
9997646738462093 = 99988219 * 99988247
9997651537898033 = 99988253 * 99988261
9997656737288053 = 99988277 * 99988289
9997664536375603 = 99988313 * 99988331
9997671335582687 = 99988349 * 99988363
9997677134907901 = 99988367 * 99988403
9997686333841277 = 99988409 * 99988453
9997695932733437 = 99988477 * 99988481
9997697732526143 = 99988487 * 99988489
9997710331079201 = 99988531 * 99988571
9997715330507767 = 99988573 * 99988579
9997718930096827 = 99988591 * 99988597
9997725329367827 = 99988619 * 99988633
9997740327664697 = 99988649 * 99988753
9997757925686197 = 99988771 * 99988807
9997764324969977 = 99988813 * 99988829
9997768524500843 = 99988831 * 99988853
9997773923899061 = 99988859 * 99988879
9997787522389393 = 99988913 * 99988961
