888 = 2^3 * 3 * 37
942 = 2 * 3 * 157
929 = 929
292 = 2^2 * 73
315 = 3^2 * 5 * 7
44 = 2^2 * 11
659 = 659
175 = 5^2 * 7
904 = 2^3 * 113
690 = 2 * 3 * 5 * 23
703 = 19 * 37
985 = 5 * 197
322 = 2 * 7 * 23
243 = 3^5
331 = 331
523 = 523
495 = 3^2 * 5 * 11
508 = 2^2 * 127
913 = 11 * 83
241 = 241
247 = 13 * 19
721 = 7 * 103
181 = 181
253 = 11 * 23
602 = 2 * 7 * 43
630 = 2 * 3^2 * 5 * 7
282 = 2 * 3 * 47
445 = 5 * 89
162 = 2 * 3^4
674 = 2 * 337
458 = 2 * 229
400 = 2^4 * 5^2
966 = 2 * 3 * 7 * 23
737 = 11 * 67
690 = 2 * 3 * 5 * 23
279 = 3^2 * 31
132 = 2^2 * 3 * 11
347 = 347
804 = 2^2 * 3 * 67
386 = 2 * 193
36 = 2^2 * 3^2
858 = 2 * 3 * 11 * 13
369 = 3^2 * 41
708 = 2^2 * 3 * 59
99 = 3^2 * 11
50 = 2 * 5^2
229 = 229
945 = 3^3 * 5 * 7
557 = 557
140 = 2^2 * 5 * 7
536 = 2^3 * 67
154 = 2 * 7 * 11
212 = 2^2 * 53
715 = 5 * 11 * 13
405 = 3^4 * 5
164 = 2^2 * 41
343 = 7^3
685 = 5 * 137
607 = 607
503 = 503
710 = 2 * 5 * 71
415 = 5 * 83
902 = 2 * 11 * 41
26 = 2 * 13
503 = 503
942 = 2 * 3 * 157
656 = 2^4 * 41
633 = 3 * 211
640 = 2^7 * 5
810 = 2 * 3^4 * 5
369 = 3^2 * 41
674 = 2 * 337
666 = 2 * 3^2 * 37
736 = 2^5 * 23
732 = 2^2 * 3 * 61
116 = 2^2 * 29
785 = 5 * 157
959 = 7 * 137
59 = 59
692 = 2^2 * 173
449 = 449
593 = 593
844 = 2^2 * 211
659 = 659
306 = 2 * 3^2 * 17
247 = 13 * 19
173 = 173
999 = 3^3 * 37
283 = 283
778 = 2 * 389
501 = 3 * 167
343 = 7^3
544 = 2^5 * 17
753 = 3 * 251
719 = 719
45 = 3^2 * 5
45 = 3^2 * 5
373 = 373
676 = 2^2 * 13^2
683 = 683
182 = 2 * 7 * 13
43 = 43
707 = 7 * 101
198 = 2 * 3^2 * 11
129 = 3 * 43
437 = 19 * 23
312 = 2^3 * 3 * 13
264 = 2^3 * 3 * 11
746 = 2 * 373
369 = 3^2 * 41
954 = 2 * 3^2 * 53
194 = 2 * 97
312 = 2^3 * 3 * 13
796 = 2^2 * 199
203 = 7 * 29
968 = 2^3 * 11^2
394 = 2 * 197
375 = 3 * 5^3
966 = 2 * 3 * 7 * 23
27 = 3^3
503 = 503
817 = 19 * 43
368 = 2^4 * 23
45 = 3^2 * 5
568 = 2^3 * 71
85 = 5 * 17
440 = 2^3 * 5 * 11
963 = 3^2 * 107
809 = 809
466 = 2 * 233
645 = 3 * 5 * 43
341 = 11 * 31
507 = 3 * 13^2
350 = 2 * 5^2 * 7
537 = 3 * 179
987 = 3 * 7 * 47
786 = 2 * 3 * 131
848 = 2^4 * 53
249 = 3 * 83
530 = 2 * 5 * 53
567 = 3^4 * 7
202 = 2 * 101
74 = 2 * 37
878 = 2 * 439
348 = 2^2 * 3 * 29
628 = 2^2 * 157
844 = 2^2 * 211
740 = 2^2 * 5 * 37
353 = 353
808 = 2^3 * 101
765 = 3^2 * 5 * 17
854 = 2 * 7 * 61
975 = 3 * 5^2 * 13
483 = 3 * 7 * 23
250 = 2 * 5^3
893 = 19 * 47
919 = 919
40 = 2^3 * 5
855 = 3^2 * 5 * 19
726 = 2 * 3 * 11^2
505 = 5 * 101
498 = 2 * 3 * 83
65 = 5 * 13
362 = 2 * 181
846 = 2 * 3^2 * 47
952 = 2^3 * 7 * 17
347 = 347
982 = 2 * 491
150 = 2 * 3 * 5^2
947 = 947
863 = 863
716 = 2^2 * 179
147 = 3 * 7^2
287 = 7 * 41
944 = 2^4 * 59
845 = 5 * 13^2
913 = 11 * 83
786 = 2 * 3 * 131
936 = 2^3 * 3^2 * 13
264 = 2^3 * 3 * 11
945 = 3^3 * 5 * 7
699 = 3 * 233
469 = 7 * 67
270 = 2 * 3^3 * 5
533 = 13 * 41
69 = 3 * 23
162 = 2 * 3^4
450 = 2 * 3^2 * 5^2
107 = 107
15 = 3 * 5
526 = 2 * 263
610 = 2 * 5 * 61
863 = 863
941 = 941
971 = 971
59 = 59
891 = 3^4 * 11
316 = 2^2 * 79
40 = 2^3 * 5
40 = 2^3 * 5
613 = 613
253 = 11 * 23
106 = 2 * 53
758 = 2 * 379
538 = 2 * 269
48 = 2^4 * 3
954 = 2 * 3^2 * 53
450 = 2 * 3^2 * 5^2
184 = 2^3 * 23
888 = 2^3 * 3 * 37
64 = 2^6
127 = 127
937 = 937
531 = 3^2 * 59
396 = 2^2 * 3^2 * 11
468 = 2^2 * 3^2 * 13
598 = 2 * 13 * 23
908 = 2^2 * 227
916 = 2^2 * 229
704 = 2^6 * 11
921 = 3 * 307
792 = 2^3 * 3^2 * 11
312 = 2^3 * 3 * 13
134 = 2 * 67
731 = 17 * 43
633 = 3 * 211
191 = 191
621 = 3^3 * 23
948 = 2^2 * 3 * 79
581 = 7 * 83
11 = 11
911 = 911
832 = 2^6 * 13
115 = 5 * 23
668 = 2^2 * 167
721 = 7 * 103
161 = 7 * 23
972 = 2^2 * 3^5
521 = 521
695 = 5 * 139
858 = 2 * 3 * 11 * 13
583 = 11 * 53
821 = 821
793 = 13 * 61
113 = 113
567 = 3^4 * 7
612 = 2^2 * 3^2 * 17
709 = 709
473 = 11 * 43
878 = 2 * 439
411 = 3 * 137
744 = 2^3 * 3 * 31
669 = 3 * 223
74 = 2 * 37
876 = 2^2 * 3 * 73
398 = 2 * 199
705 = 3 * 5 * 47
65 = 5 * 13
369 = 3^2 * 41
3 = 3
997 = 997
378 = 2 * 3^3 * 7
913 = 11 * 83
179 = 179
843 = 3 * 281
931 = 7^2 * 19
898 = 2 * 449
354 = 2 * 3 * 59
901 = 17 * 53
417 = 3 * 139
48 = 2^4 * 3
109 = 109
999 = 3^3 * 37
219 = 3 * 73
900 = 2^2 * 3^2 * 5^2
462 = 2 * 3 * 7 * 11
136 = 2^3 * 17
862 = 2 * 431
521 = 521
607 = 607
739 = 739
931 = 7^2 * 19
701 = 701
406 = 2 * 7 * 29
355 = 5 * 71
927 = 3^2 * 103
154 = 2 * 7 * 11
410 = 2 * 5 * 41
990 = 2 * 3^2 * 5 * 11
522 = 2 * 3^2 * 29
412 = 2^2 * 103
337 = 337
250 = 2 * 5^3
675 = 3^3 * 5^2
515 = 5 * 103
92 = 2^2 * 23
604 = 2^2 * 151
411 = 3 * 137
796 = 2^2 * 199
855 = 3^2 * 5 * 19
179 = 179
842 = 2 * 421
962 = 2 * 13 * 37
528 = 2^4 * 3 * 11
411 = 3 * 137
212 = 2^2 * 53
988 = 2^2 * 13 * 19
545 = 5 * 109
73 = 73
507 = 3 * 13^2
502 = 2 * 251
162 = 2 * 3^4
788 = 2^2 * 197
553 = 7 * 79
566 = 2 * 283
493 = 17 * 29
478 = 2 * 239
718 = 2 * 359
902 = 2 * 11 * 41
819 = 3^2 * 7 * 13
590 = 2 * 5 * 59
312 = 2^3 * 3 * 13
154 = 2 * 7 * 11
839 = 839
337 = 337
667 = 23 * 29
281 = 281
291 = 3 * 97
77 = 7 * 11
75 = 3 * 5^2
144 = 2^4 * 3^2
254 = 2 * 127
268 = 2^2 * 67
456 = 2^3 * 3 * 19
132 = 2^2 * 3 * 11
677 = 677
18 = 2 * 3^2
118 = 2 * 59
573 = 3 * 191
441 = 3^2 * 7^2
975 = 3 * 5^2 * 13
425 = 5^2 * 17
953 = 953
762 = 2 * 3 * 127
977 = 977
517 = 11 * 47
253 = 11 * 23
453 = 3 * 151
586 = 2 * 293
505 = 5 * 101
270 = 2 * 3^3 * 5
174 = 2 * 3 * 29
167 = 167
423 = 3^2 * 47
11 = 11
502 = 2 * 251
88 = 2^3 * 11
290 = 2 * 5 * 29
791 = 7 * 113
515 = 5 * 103
716 = 2^2 * 179
285 = 3 * 5 * 19
119 = 7 * 17
982 = 2 * 491
91 = 7 * 13
249 = 3 * 83
9 = 3^2
460 = 2^2 * 5 * 23
365 = 5 * 73
932 = 2^2 * 233
251 = 251
339 = 3 * 113
356 = 2^2 * 89
203 = 7 * 29
451 = 11 * 41
683 = 683
718 = 2 * 359
54 = 2 * 3^3
134 = 2 * 67
654 = 2 * 3 * 109
558 = 2 * 3^2 * 31
755 = 5 * 151
827 = 827
723 = 3 * 241
176 = 2^4 * 11
188 = 2^2 * 47
576 = 2^6 * 3^2
614 = 2 * 307
829 = 829
365 = 5 * 73
128 = 2^7
543 = 3 * 181
1001 = 7 * 11 * 13
245 = 5 * 7^2
875 = 5^3 * 7
90 = 2 * 3^2 * 5
493 = 17 * 29
882 = 2 * 3^2 * 7^2
900 = 2^2 * 3^2 * 5^2
208 = 2^4 * 13
6530757439231910 = 2 * 5 * 941 * 233693 * 2969807
7337903250719651 = 557 * 1709 * 7817 * 986131
983160949277722 = 2 * 491580474638861
4273904555101882 = 2 * 257 * 172649 * 48161237
5245679518515407 = 6290821 * 833862467
7780133563270924 = 2^2 * 5903 * 26489 * 12439093
1304647875183430 = 2 * 5 * 130464787518343
7657392826885168 = 2^4 * 478587051680323
8292815260573855 = 5 * 11 * 643 * 234492160627
6220211326631313 = 3 * 11 * 17 * 6971 * 1590549523
3959585519276606 = 2 * 181 * 10938081544963
1929650248844805 = 3 * 5 * 89293 * 1440687959
2449262709394844 = 2^2 * 7^2 * 601 * 20792409839
5209354720581709 = 1831 * 2845087231339
5358558122812263 = 3 * 1786186040937421
3161717934625830 = 2 * 3 * 5 * 19 * 173 * 197 * 12511 * 13009
6290124251767765 = 5 * 4519 * 278385671687
1244827029960698 = 2 * 877 * 109519 * 6480223
7385273922388253 = 59 * 409 * 306049228063
3524248874069885 = 5 * 13 * 21313 * 2543950333
1514470233931268 = 2^2 * 4283 * 13729 * 6438931
2569919434759532 = 2^2 * 59 * 66653 * 163375829
6111592004067518 = 2 * 211 * 10937 * 32063 * 41299
8457323849921172 = 2^2 * 3 * 19 * 41^2 * 81157 * 271897
460255512033299 = 71 * 6482472000469
1450853408574888 = 2^3 * 3 * 17 * 1297 * 2741721863
6273502716922375 = 5^3 * 11 * 29 * 157329221741
8013087712229546 = 2 * 135431 * 29583654083
7930472506974317 = 13463 * 589056860059
297690016531867 = 17 * 5807 * 3015529093
5716872780995999 = 7^2 * 6907 * 92507 * 182599
8379544327645173 = 3 * 179 * 191 * 283 * 3169 * 91097
1245084188211129 = 3 * 7 * 59289723248149
8910264990491370 = 2 * 3^2 * 5 * 11 * 9000267667163
8439029175209492 = 2^2 * 17 * 641 * 2617 * 5441 * 13597
8367043047351279 = 3 * 7219 * 386343586247
6242557525899232 = 2^5 * 1277 * 3089 * 49454267
5491793813054156 = 2^2 * 1372948453263539
5601503063516588 = 2^2 * 1093 * 687383 * 1863913
4038953910298247 = 17 * 237585524135191
6761640468346138 = 2 * 331 * 10213958411399
5662606391479464 = 2^3 * 3 * 7 * 461 * 73114946693
7210752570076052 = 2^2 * 5417 * 6113 * 54438653
3255704557450412 = 2^2 * 1637 * 112927 * 4402897
4613131621314733 = 11 * 17 * 24669153055159
4777313795889846 = 2 * 3 * 796218965981641
4873122367338053 = 4873122367338053
5555931592756179 = 3 * 1851977197585393
1320448815727138 = 2 * 19 * 11243 * 16693 * 185149
6326420408778443 = 103 * 821 * 74813102761
1942083917822503 = 7^2 * 13 * 197 * 6133 * 2523419
8230141632534797 = 31 * 265488439759187
638114302001212 = 2^2 * 17 * 9384033852959
3537916650837444 = 2^2 * 3 * 281 * 21569 * 48644083
5862452165288345 = 5 * 11^2 * 9690003578989
7186127355803746 = 2 * 7 * 61 * 3361 * 2503620659
2839243542561943 = 11 * 337 * 19661 * 38956009
2444373186450649 = 2365241 * 1033456289
2027582263077995 = 5 * 13 * 67 * 193 * 1531 * 1575643
5712632495736819 = 3 * 89 * 21395627324857
8515803225520178 = 2 * 7 * 237053 * 2565973259
8833733387726937 = 3 * 2944577795908979
2289986996963436 = 2^2 * 3^4 * 83 * 85154953033
2345464056352688 = 2^4 * 223 * 657361002341
2884828480385401 = 11 * 313 * 326119 * 2569253
7061242160530679 = 11 * 31 * 5101 * 19471 * 208489
5739986420632897 = 19 * 23 * 743 * 47501 * 372167
5512650860461621 = 5512650860461621
8103883955693935 = 5 * 23^2 * 47 * 229 * 284665081
1601630929356903 = 3^2 * 434141 * 409910587
1969371489377688 = 2^3 * 3 * 11 * 7459740490067
6927374155629187 = 13 * 5851849 * 91060951
3270637391809973 = 1979177 * 1652523949
3067560683290429 = 23 * 133372203621323
6451498780026787 = 6451498780026787
893787147213032 = 2^3 * 37 * 73757 * 40939181
5898585512781912 = 2^3 * 3 * 17 * 53 * 272779574213
1109202828538842 = 2 * 3^2 * 97 * 271 * 1367 * 1714861
7084096316680443 = 3 * 139 * 2163851 * 7850929
2312930346878960 = 2^4 * 5 * 67 * 431516855761
3312592819510852 = 2^2 * 5261 * 157412698133
3998357479289061 = 3^3 * 7^2 * 23 * 122761 * 1070369
2172870917238058 = 2 * 37 * 4519 * 27427 * 236909
3022118264530988 = 2^2 * 7^2 * 23 * 670390032061
2131334370585687 = 3 * 37 * 19201210545817
1630846240013769 = 3 * 543615413337923
697851988264201 = 227 * 877 * 48817 * 71807
2587171679608824 = 2^3 * 3^2 * 7 * 11 * 229 * 2037823399
3810098887559977 = 1852079 * 2057201063
3440402577194486 = 2 * 149521 * 11504747083
8617848021480956 = 2^2 * 47 * 45839617135537
3817596105331410 = 2 * 3 * 5 * 67 * 1899301544941
7177634950148721 = 3^2 * 997 * 799914738677
4108306656512378 = 2 * 2054153328256189
2880185476800214 = 2 * 11 * 960809 * 136257593
2656938505073793 = 3 * 23 * 313 * 123023498869
5243684053067430 = 2 * 3 * 5 * 43^2 * 13093 * 7220033
2177957649914527 = 13 * 23 * 43 * 73 * 2320528607
4522138567298319 = 3 * 11 * 19 * 3779 * 1908531943
3037238327925741 = 3 * 151 * 1172777 * 5716961
1436814305084833 = 3319 * 22259 * 19448573
1549761038403176 = 2^3 * 1243643 * 155768279
4013850209362207 = 23 * 174515226494009
761785115464382 = 2 * 71 * 61051 * 87872171
3292463658117528 = 2^3 * 3^2 * 613 * 74598143423
4947450704626913 = 7 * 31 * 2932117 * 7775717
6624867391534109 = 6624867391534109
6557188265576099 = 83 * 521 * 151635831593
4909000471207827 = 3 * 41 * 19991 * 1996427039
3154317779006654 = 2 * 13 * 7481 * 73721 * 219979
5567445173383433 = 5827 * 955456525379
3504183139311671 = 11551 * 207377 * 1462873
7809004987096306 = 2 * 7 * 31 * 17993099048609
605992186671664 = 2^4 * 13^2 * 224109536491
5063597847055287 = 3^2 * 1049 * 536341261207
7593990098156154 = 2 * 3^3 * 7 * 11 * 29 * 37 * 32653 * 52127
782764495446835 = 5 * 11 * 10883 * 1307735159
522703450524603 = 3 * 2801 * 71527 * 869663
8396859448826411 = 229 * 36667508510159
7833865904780188 = 2^2 * 7 * 13 * 1058009 * 20341613
2596318807444451 = 25836949 * 100488599
5550868334662173 = 3^5 * 23 * 993177372457
3040845324299857 = 37 * 47 * 487 * 3590589749
1021240551121981 = 1021240551121981
3211398688781899 = 7^2 * 11 * 1987 * 2998524443
7575504942365609 = 83 * 569 * 19843 * 8083769
2813112305494602 = 2 * 3 * 1723 * 12517 * 21739537
1497050351733275 = 5^2 * 17 * 3522471415843
235245756151288 = 2^3 * 101 * 291145737811
1509722957561280 = 2^6 * 3 * 5 * 7 * 11 * 79 * 107 * 2416153
3179843278869077 = 3179843278869077
2257473966714642 = 2 * 3 * 13 * 28941973932239
4644045132251937 = 3 * 1548015044083979
6731404056438192 = 2^4 * 3^2 * 211 * 221544367313
4579825592905267 = 31 * 1719547 * 85915831
7270908798694571 = 19 * 12343 * 31003760063
8894912516175220 = 2^2 * 5 * 2287 * 25981 * 7484963
1631737906872262 = 2 * 7^2 * 1223 * 54877 * 248089
8573930324529629 = 8573930324529629
547715105506462 = 2 * 461 * 4871 * 5167 * 23603
1428272869024039 = 59 * 947 * 4201 * 6084943
7700325405338505 = 3 * 5 * 14790917 * 34707451
5784976727859891 = 3 * 479 * 4025731891343
7105799300030179 = 7 * 8991139 * 112901623
5762387783532974 = 2 * 11 * 353 * 28463 * 26069003
3539329884871553 = 59 * 59988642116467
7551221551867484 = 2^2 * 29 * 65096737516099
7533189016320484 = 2^2 * 11 * 171208841280011
2960137208217497 = 7 * 11 * 17 * 3547 * 637545239
181118225520880 = 2^4 * 5 * 37 * 100747 * 607349
2001316371008428 = 2^2 * 23 * 199 * 109313762891
5534181476967969 = 3^3 * 7 * 31 * 41 * 23038067251
8104451231454592 = 2^7 * 7 * 397 * 2347 * 9707603
8388885267866195 = 5 * 367 * 4571599601017
2233179056919555 = 3^3 * 5 * 47 * 556697 * 632227
11330119004873 = 326687 * 34681879
1012593938029472 = 2^5 * 31643560563421
1636955314918320 = 2^4 * 3 * 5 * 23 * 73 * 62639 * 64853
4172785179015462 = 2 * 3 * 715123 * 972509899
344491876971703 = 17^2 * 151 * 167 * 5281 * 8951
1482277467186320 = 2^4 * 5 * 7 * 2646924048547
8879307972653145 = 3 * 5 * 14880013 * 39781811
4615695674846335 = 5 * 41 * 1321 * 17044351747
3414913214675121 = 3^2 * 467^2 * 1739816321
1855575937664732 = 2^2 * 463893984416183
7043554449802422 = 2 * 3^2 * 283 * 33119 * 41749927
3682736134541399 = 13 * 149 * 29453 * 64552259
2576056122733280 = 2^5 * 5 * 11 * 59 * 1201 * 20656067
3949028679843065 = 5 * 7 * 13 * 8679183911743
1642059976435322 = 2 * 83203 * 9867793087
7838911462014520 = 2^3 * 5 * 12334939 * 15887617
3149657117526069 = 3^2 * 2035151 * 171958691
1401494229805499 = 599 * 243589 * 9605209
5903341200507874 = 2 * 63299 * 46630603963
7896856407613484 = 2^2 * 101 * 127 * 1223 * 125846951
632183684945819 = 632183684945819
751512395537513 = 880283 * 853716811
6826180354620709 = 47 * 181 * 802419225887
5140260893799037 = 23 * 223489604078219
7432427019230430 = 2 * 3 * 5 * 7 * 272621 * 129823123
2627503705310 = 2 * 5 * 11 * 2971 * 8039851
2785292852412515 = 5 * 191 * 129893 * 22453381
1697563358228980 = 2^2 * 5 * 11 * 7716197082859
7510936693986502 = 2 * 7 * 6553 * 81870208781
4508098939056389 = 18307 * 85361 * 2884807
2697699628875487 = 397 * 2380801 * 2854171
4800897146202335 = 5 * 115361 * 8323258547
3106396084299303 = 3 * 23 * 1109 * 40595340943
7770911798716475 = 5^2 * 751 * 1109 * 373216201
3538959824782772 = 2^2 * 13^2 * 527869 * 9917513
7082402693854741 = 11^2 * 3541 * 9137 * 1809113
8843525648000948 = 2^2 * 23 * 227 * 349 * 1213350653
2294389870553206 = 2 * 3573473 * 321030811
878224941848404 = 2^2 * 53 * 10141 * 408497237
516135107132789 = 79 * 6533355786491
117339930367103 = 71 * 353 * 653 * 7169677
135220358711063 = 137 * 449 * 32443 * 67757
7534304093412960 = 2^5 * 3 * 5 * 461 * 34048735057
3475229483948806 = 2 * 19 * 6775399 * 13497863
2314257189704069 = 29 * 991 * 107309 * 750419
4902556083302802 = 2 * 3 * 3268477 * 249991871
4498042471086412 = 2^2 * 71 * 523 * 41593 * 728087
4049762290611886 = 2 * 587 * 2053 * 14479 * 116047
5451188982178871 = 41 * 61 * 36433 * 59824987
4070858607547305 = 3 * 5 * 7 * 776813 * 49909157
1200127827747665 = 5 * 19 * 5923 * 2132859109
8350986144717160 = 2^3 * 5 * 7 * 1831 * 55073 * 295769
2693402686174343 = 11 * 13 * 29 * 47 * 433 * 643 * 49633
6933063814229752 = 2^3 * 23 * 61 * 71 * 3469 * 2507927
6637567041705232 = 2^4 * 1399 * 79829 * 3714587
7695124776421184 = 2^6 * 3637 * 33059203913
2676340236041158 = 2 * 4035947 * 331562857
3652427581018511 = 17 * 373 * 576001826371
6715170574199609 = 61 * 3671 * 29987677339
324897036279180 = 2^2 * 3 * 5 * 5414950604653
2904823163588823 = 3^2 * 322758129287647
54408266971315 = 5 * 10881653394263
3140177801193246 = 2 * 3 * 11 * 47578451533231
8541669540847272 = 2^3 * 3 * 733 * 213397 * 2275303
1730019681913605 = 3 * 5 * 2633 * 43803511379
4418162902140285 = 3 * 5 * 294544193476019
21674720204686 = 2 * 433 * 71807 * 348553
1942206951974006 = 2 * 971103475987003
7273626653527922 = 2 * 19 * 29 * 433 * 1601 * 9521167
1002429649249730 = 2 * 5 * 13 * 19 * 853 * 475781903
1366588493384826 = 2 * 3 * 227764748897471
4191659024452592 = 2^4 * 7 * 11 * 17 * 200136508043
5703930481544432 = 2^4 * 356495655096527
2888624249032431 = 3 * 7 * 13 * 2473 * 31181 * 137219
7237366422759810 = 2 * 3^2 * 5 * 17 * 4730304851477
4893086227193752 = 2^3 * 7 * 151 * 157 * 3685685231
190127973536222 = 2 * 95063986768111
1913779312815288 = 2^3 * 3 * 37 * 47 * 45854401783
4458863910377085 = 3 * 5 * 11 * 601 * 3559 * 12633911
1484746470973714 = 2 * 13 * 277 * 51043 * 4038899
7123808233492071 = 3 * 11 * 59 * 127 * 115879 * 248621
2639026996590225 = 3 * 5^2 * 19 * 23 * 67^2 * 557 * 32203
6806151221710647 = 3 * 149 * 15226289086601
5098466237436486 = 2 * 3^3 * 71 * 97 * 13709313407
6818466955438492 = 2^2 * 739 * 743 * 37589 * 82591
6812369031548484 = 2^2 * 3^2 * 114833 * 1647892793
3544794877347568 = 2^4 * 13 * 23 * 800953 * 925109
4015488106021141 = 67 * 59932658298823
1015389828053223 = 3 * 7 * 23 * 21563 * 97493687
461822136662024 = 2^3 * 57727767082753
8332256273279936 = 2^6 * 1097 * 13187 * 8999741
7560405999861518 = 2 * 148609 * 25437241351
1344760396396804 = 2^2 * 37 * 9086218894573
6641112519077173 = 19 * 349532237846167
1915615011701303 = 11 * 14449 * 38177 * 315701
3536301918098312 = 2^3 * 11 * 17 * 73 * 6163 * 5254153
1252479366621820 = 2^2 * 5 * 43 * 283 * 5146188539
8713135984859035 = 5 * 19 * 91717220893253
1716636491837004 = 2^2 * 3 * 1607 * 3917 * 4457 * 5099
1587110336501520 = 2^4 * 3 * 5 * 5507 * 1200827989
4303015418009086 = 2 * 173 * 4733 * 2627606327
2147802425158537 = 7 * 73 * 997 * 10243 * 411577
5583453578525457 = 3^2 * 620383730947273
334026461473371 = 3^2 * 23 * 37 * 61 * 714955429
729086703280103 = 7 * 104155243325729
2999937328277169 = 3 * 7 * 71 * 163 * 19289 * 639937
2070262111117771 = 73291 * 28247153281
7512149112549086 = 2 * 23 * 151 * 168197 * 6430003
1220863747085910 = 2 * 3^2 * 5 * 293 * 46297449643
4006399046856865 = 5 * 176191 * 4547790803
2249876139966264 = 2^3 * 3 * 43 * 196187 * 11112421
4057564124045174 = 2 * 5608541 * 361730807
6696332224559776 = 2^5 * 756227 * 276716359
3576217966493305 = 5 * 7 * 1297 * 78779997059
6355144221844253 = 11^2 * 8219 * 6390297247
5121241795882438 = 2 * 47 * 457 * 13381 * 8909281
5431474844859496 = 2^3 * 2963 * 229137480799
3325928596252130 = 2 * 5 * 11 * 113 * 9829 * 27222779
681733275389134 = 2 * 3946739 * 86366653
891040374771610 = 2 * 5 * 7 * 379 * 33586143037
1292801765004606 = 2 * 3 * 41 * 5255291727661
877432534371906 = 2 * 3 * 41 * 7919 * 450410269
3387435602114694 = 2 * 3 * 13 * 19 * 7741 * 295274387
3015068900773222 = 2 * 83561 * 18041125051
4072913958161417 = 131 * 31090946245507
6643518914240600 = 2^3 * 5^2 * 7 * 4745370653029
639020199990509 = 73 * 139 * 181 * 347935187
5420381437233340 = 2^2 * 5 * 23 * 1861 * 6331777489
6794265336644328 = 2^3 * 3 * 283094389026847
1760946250429679 = 17 * 787 * 1567 * 83995003
5984917591294612 = 2^2 * 2663 * 5711 * 98381821
7479208819974867 = 3 * 327721 * 7607292809
3681432995053665 = 3 * 5 * 963241 * 254794871
8191360374916877 = 19 * 41 * 5591 * 1880741393
2341689801377613 = 3 * 61 * 202087 * 63319853
2943154876160448 = 2^6 * 3^2 * 59 * 86604133597
6383567179254278 = 2 * 13 * 29 * 5521 * 1533466667
4792130605419829 = 7 * 283 * 1657 * 1459895137
4237137196312511 = 463 * 2819 * 5939 * 546617
3931020919225760 = 2^5 * 5 * 3257 * 7543408273
2611718611120363 = 207847 * 12565582429
4813628017941 = 3^3 * 47 * 9127 * 415607
7945857085794399 = 3^2 * 19463 * 45361609697
6151169000674864 = 2^4 * 384448062542179
1156994846656784 = 2^4 * 41 * 643 * 2742941923
2998369420268800 = 2^8 * 5^2 * 43 * 53 * 4129 * 49787
29465383867023 = 3 * 13 * 5413 * 139575589
2762003215262862 = 2 * 3^4 * 29 * 41 * 14339278859
1457672597820871 = 151 * 2702719 * 3571759
251576609279291 = 47 * 124429 * 43018057
7226045305471463 = 37 * 195298521769499
2163922657261289 = 37 * 58484396142197
8987934326202243 = 3^3 * 23 * 2164193 * 6687631
603665605646599 = 28711 * 21025586209
368303641305437 = 368303641305437
1008527337370704 = 2^4 * 3 * 31 * 61 * 11111045053
8770474948712341 = 47 * 186605849972603
7778245263733616 = 2^4 * 7 * 61 * 137 * 859 * 9674311
4433674042229392 = 2^4 * 277104627639337
4961681193542715 = 3^2 * 5 * 31 * 669379 * 5313523
6827766309864438 = 2 * 3 * 389 * 499 * 5862424343
5745653303349514 = 2 * 89 * 298601 * 108100613
3203636910925644 = 2^2 * 3^3 * 29663304730793
4013650203106905 = 3^2 * 5 * 43 * 131 * 15833876573
3933645450632402 = 2 * 23 * 4323589 * 19778483
3994891216588904 = 2^3 * 103 * 69247 * 70012693
7518656711595603 = 3 * 7 * 23 * 15566577042641
1061004547184870 = 2 * 5 * 29 * 709 * 5160276967
3460369875968667 = 3 * 1153456625322889
8930068136325069 = 3 * 2976689378775023
6198076559540254 = 2 * 191 * 1783 * 9100017559
7747550133357857 = 61 * 113 * 257879 * 4358531
7481703578021054 = 2 * 61 * 761 * 140407 * 573941
1769313446657506 = 2 * 286927 * 3083211839
8742466371795734 = 2 * 863 * 195311 * 25933819
1163588858960883 = 3 * 23 * 16863606651607
1411982928227562 = 2 * 3 * 89 * 19577 * 135064759
4937035764039576 = 2^3 * 3 * 1009 * 1831 * 5701 * 19531
6553455245229870 = 2 * 3^2 * 5 * 72816169391443
8289950986545800 = 2^3 * 5^2 * 11 * 13 * 19 * 74189 * 205633
8505777152747319 = 3 * 97 * 947 * 30865337647
14555409881214 = 2 * 3 * 2425901646869
9003360877751733 = 3 * 101 * 191 * 3253 * 47823857
4325828569186554 = 2 * 3^2 * 31 * 2368433 * 3273211
7973875149222509 = 43 * 79 * 2347328569097
6002096102507941 = 19 * 315899794868839
1493099223610639 = 5563 * 268398206653
361487708135926 = 2 * 43 * 151 * 179 * 155512429
3220313006267155 = 5 * 137 * 367 * 50909 * 251621
1433931390287560 = 2^3 * 5 * 2801 * 20849 * 613861
1699483292425435 = 5 * 11 * 30899696225917
6504679885273340 = 2^2 * 5 * 15277 * 81611 * 260861
8072490316705590 = 2 * 3 * 5 * 269083010556853
5811266289714964 = 2^2 * 13 * 12919 * 8650446703
4437063804098331 = 3^2 * 7^2 * 1543981 * 6516511
7186568558225768 = 2^3 * 898321069778221
5322295093213174 = 2 * 2699 * 985975378513
5562005568317430 = 2 * 3 * 5 * 37 * 79 * 307 * 6983 * 29587
1920671699538621 = 3 * 640223899846207
151271926141824 = 2^7 * 3^2 * 131312435887
8094935558875556 = 2^2 * 283 * 7151003143883
3062647307051663 = 3062647307051663
5451421578642655 = 5 * 7 * 11 * 17 * 832913915759
3031634777739273 = 3^4 * 127 * 294705431879
761429150313618 = 2 * 3 * 31^2 * 73 * 191 * 9471061
4984290542823084 = 2^2 * 3^4 * 15383612786491
723516814214167 = 359 * 2015367170513
3865053207434273 = 53 * 209089 * 348777469
5099998682737111 = 29 * 421 * 1151 * 362923129
2613255276859966 = 2 * 1306627638429983
2718088438031833 = 1051 * 2586192614683
8670733104804337 = 7 * 353 * 3508997614247
3070681560519671 = 7 * 89 * 281 * 17540437217
6422937452641792 = 2^9 * 149 * 84193286659
5127398769941804 = 2^2 * 1281849692485451
3037550495484963 = 3 * 1012516831828321
8544230198762579 = 1627 * 30539 * 171961243
2162043280592265 = 3 * 5 * 7^2 * 72733 * 40443203
2924510313389207 = 174767 * 16733767321
7899475051012027 = 7 * 16979033 * 66464117
7402337742879670 = 2 * 5 * 181 * 877 * 1259 * 3703949
5400125044454307 = 3 * 47 * 586361 * 65316007
230057310947686 = 2 * 29 * 73 * 15497 * 3506207
2591872740291308 = 2^2 * 41^2 * 385465904267
5130820481687416 = 2^3 * 79 * 167 * 379 * 128266741
8692676857294514 = 2 * 7 * 73 * 39089 * 217594583
1081414447191243 = 3^3 * 11 * 197 * 211 * 349 * 250993
4756726753167628 = 2^2 * 17 * 37 * 101503 * 18625961
8982579379760777 = 7 * 19 * 619687 * 108987587
4908647613473203 = 453181 * 10831538863
1625011080961356 = 2^2 * 3^2 * 11 * 23 * 31 * 5755348297
5551104097063786 = 2 * 1249 * 2222219414357
2764198462009955 = 5 * 1013 * 545745007307
544923282452814 = 2 * 3^2 * 30273515691823
2239999335698283 = 3^2 * 19 * 13099411319873
7428591507464342 = 2 * 29 * 128079163921799
8038649646699662 = 2 * 4019324823349831
8395973059586390 = 2 * 5 * 3433 * 6263 * 39049441
2512549549083553 = 7 * 20011 * 75521 * 237509
3712730212990512 = 2^4 * 3^3 * 7 * 1227754700063
8110436274209195 = 5 * 33065717 * 49056467
240939878090493 = 3 * 1723 * 46612473997
744049651914972 = 2^2 * 3^2 * 13 * 37 * 1049 * 40961783
2807616162184411 = 12109 * 297113 * 780383
160405491237667 = 13 * 79 * 331 * 471868291
